Determining if the __GLIBC__ exist failed with the following output:
Change Dir: C:/Users/tisca/Desktop/CloudEdit/Application/cmake-build-debug/CMakeFiles/CMakeScratch/TryCompile-kitztq

Run Build Command(s):C:/Users/tisca/AppData/Local/JetBrains/Toolbox/apps/CLion/ch-0/231.8109.222/bin/ninja/win/x64/ninja.exe cmTC_f8f5d && [1/2] Building C object CMakeFiles/cmTC_f8f5d.dir/CheckSymbolExists.c.obj
FAILED: CMakeFiles/cmTC_f8f5d.dir/CheckSymbolExists.c.obj 
C:\Users\tisca\AppData\Local\JetBrains\Toolbox\apps\CLion\ch-0\231.8109.222\bin\mingw\bin\gcc.exe   -fdiagnostics-color=always -o CMakeFiles/cmTC_f8f5d.dir/CheckSymbolExists.c.obj -c C:/Users/tisca/Desktop/CloudEdit/Application/cmake-build-debug/CMakeFiles/CMakeScratch/TryCompile-kitztq/CheckSymbolExists.c
C:/Users/tisca/Desktop/CloudEdit/Application/cmake-build-debug/CMakeFiles/CMakeScratch/TryCompile-kitztq/CheckSymbolExists.c: In function 'main':
C:/Users/tisca/Desktop/CloudEdit/Application/cmake-build-debug/CMakeFiles/CMakeScratch/TryCompile-kitztq/CheckSymbolExists.c:8:19: error: '__GLIBC__' undeclared (first use in this function); did you mean '__LINE__'?
    8 |   return ((int*)(&__GLIBC__))[argc];
      |                   ^~~~~~~~~
      |                   __LINE__
C:/Users/tisca/Desktop/CloudEdit/Application/cmake-build-debug/CMakeFiles/CMakeScratch/TryCompile-kitztq/CheckSymbolExists.c:8:19: note: each undeclared identifier is reported only once for each function it appears in
ninja: build stopped: subcommand failed.


File CheckSymbolExists.c:
/* */
#include <stdlib.h>

int main(int argc, char** argv)
{
  (void)argv;
#ifndef __GLIBC__
  return ((int*)(&__GLIBC__))[argc];
#else
  (void)argc;
  return 0;
#endif
}

Performing C SOURCE FILE Test HAVE_GCC_PREFERRED_STACK_BOUNDARY failed with the following output:
Change Dir: C:/Users/tisca/Desktop/CloudEdit/Application/cmake-build-debug/CMakeFiles/CMakeScratch/TryCompile-6n7xyb

Run Build Command(s):C:/Users/tisca/AppData/Local/JetBrains/Toolbox/apps/CLion/ch-0/231.8109.222/bin/ninja/win/x64/ninja.exe cmTC_28242 && [1/2] Building C object CMakeFiles/cmTC_28242.dir/src.c.obj
FAILED: CMakeFiles/cmTC_28242.dir/src.c.obj 
C:\Users\tisca\AppData\Local\JetBrains\Toolbox\apps\CLion\ch-0\231.8109.222\bin\mingw\bin\gcc.exe -DHAVE_GCC_PREFERRED_STACK_BOUNDARY  -idirafter "C:/Users/tisca/Desktop/CloudEdit/Application/lib/SDL2-2.26.5/src/video/khronos" -mpreferred-stack-boundary=2 -fdiagnostics-color=always -o CMakeFiles/cmTC_28242.dir/src.c.obj -c C:/Users/tisca/Desktop/CloudEdit/Application/cmake-build-debug/CMakeFiles/CMakeScratch/TryCompile-6n7xyb/src.c
cc1.exe: error: '-mpreferred-stack-boundary=2' is not between 3 and 4
ninja: build stopped: subcommand failed.


Source file was:
int x = 0; int main(int argc, char **argv) { return 0; }

Performing C SOURCE FILE Test HAVE_ALTIVEC_H_HDR failed with the following output:
Change Dir: C:/Users/tisca/Desktop/CloudEdit/Application/cmake-build-debug/CMakeFiles/CMakeScratch/TryCompile-ri071m

Run Build Command(s):C:/Users/tisca/AppData/Local/JetBrains/Toolbox/apps/CLion/ch-0/231.8109.222/bin/ninja/win/x64/ninja.exe cmTC_73200 && [1/2] Building C object CMakeFiles/cmTC_73200.dir/src.c.obj
FAILED: CMakeFiles/cmTC_73200.dir/src.c.obj 
C:\Users\tisca\AppData\Local\JetBrains\Toolbox\apps\CLion\ch-0\231.8109.222\bin\mingw\bin\gcc.exe -DHAVE_ALTIVEC_H_HDR  -idirafter "C:/Users/tisca/Desktop/CloudEdit/Application/lib/SDL2-2.26.5/src/video/khronos" -maltivec -fdiagnostics-color=always -o CMakeFiles/cmTC_73200.dir/src.c.obj -c C:/Users/tisca/Desktop/CloudEdit/Application/cmake-build-debug/CMakeFiles/CMakeScratch/TryCompile-ri071m/src.c
gcc.exe: error: unrecognized command-line option '-maltivec'
ninja: build stopped: subcommand failed.


Source file was:

          #include <altivec.h>
          vector unsigned int vzero() {
              return vec_splat_u32(0);
          }
          int main(int argc, char **argv) { return 0; }

Performing C SOURCE FILE Test HAVE_ALTIVEC failed with the following output:
Change Dir: C:/Users/tisca/Desktop/CloudEdit/Application/cmake-build-debug/CMakeFiles/CMakeScratch/TryCompile-6m4nx9

Run Build Command(s):C:/Users/tisca/AppData/Local/JetBrains/Toolbox/apps/CLion/ch-0/231.8109.222/bin/ninja/win/x64/ninja.exe cmTC_6892e && [1/2] Building C object CMakeFiles/cmTC_6892e.dir/src.c.obj
FAILED: CMakeFiles/cmTC_6892e.dir/src.c.obj 
C:\Users\tisca\AppData\Local\JetBrains\Toolbox\apps\CLion\ch-0\231.8109.222\bin\mingw\bin\gcc.exe -DHAVE_ALTIVEC  -idirafter "C:/Users/tisca/Desktop/CloudEdit/Application/lib/SDL2-2.26.5/src/video/khronos" -maltivec -fdiagnostics-color=always -o CMakeFiles/cmTC_6892e.dir/src.c.obj -c C:/Users/tisca/Desktop/CloudEdit/Application/cmake-build-debug/CMakeFiles/CMakeScratch/TryCompile-6m4nx9/src.c
gcc.exe: error: unrecognized command-line option '-maltivec'
ninja: build stopped: subcommand failed.


Source file was:

          vector unsigned int vzero() {
              return vec_splat_u32(0);
          }
          int main(int argc, char **argv) { return 0; }

